20240220 17:18:09 INFO  [main] utilities.SalesforceAppListnerUtility SalesforceAppListnerUtility.java73 - Default test has started....................
20240220 17:18:09 INFO  [main] Base.BaseTest BaseTest.java40 - .........BeforeMethod setUpBeforeMethod executed---------------
20240220 17:18:13 INFO  [main] utilities.SalesforceAppListnerUtility SalesforceAppListnerUtility.java24 - Login_1.......test execution started........
20240220 17:18:13 INFO  [main] Automationtests.AutomationScripts AutomationScripts.java40 - ******Login_to_Salesforce automation script started***********
20240220 17:18:14 INFO  [main] utilities.SalesforceAppListnerUtility SalesforceAppListnerUtility.java31 - Login_1.......test execution completed with success........
20240220 17:18:14 INFO  [main] Base.BaseTest BaseTest.java50 - ******tearDownAfterTestMethod executed***********
20240220 17:18:14 INFO  [main] utilities.SalesforceAppListnerUtility SalesforceAppListnerUtility.java81 - Default test has ended....................
20240220 21:34:45 INFO  [main] utilities.SalesforceAppListnerUtility SalesforceAppListnerUtility.java73 - Default test has started....................
20240220 21:34:45 INFO  [main] Base.BaseTest BaseTest.java42 - .........BeforeMethod setUpBeforeMethod executed---------------
20240220 21:34:48 INFO  [main] utilities.SalesforceAppListnerUtility SalesforceAppListnerUtility.java24 - Login_1.......test execution started........
20240220 21:34:48 INFO  [main] Automationtests.AutomationScripts AutomationScripts.java42 - ******Login_to_Salesforce automation script started***********
20240220 21:34:48 INFO  [main] Base.BaseTest BaseTest.java168 - Usernameis visible
20240220 21:34:49 INFO  [main] Base.BaseTest BaseTest.java168 - Passwordis visible
20240220 21:34:50 INFO  [main] Automationtests.AutomationScripts AutomationScripts.java70 - Error Message: Please enter your password.
20240220 21:34:50 INFO  [main] utilities.SalesforceAppListnerUtility SalesforceAppListnerUtility.java31 - Login_1.......test execution completed with success........
20240220 21:34:50 INFO  [main] Base.BaseTest BaseTest.java52 - ******tearDownAfterTestMethod executed***********
20240220 21:34:50 INFO  [main] utilities.SalesforceAppListnerUtility SalesforceAppListnerUtility.java81 - Default test has ended....................
20240220 21:48:54 INFO  [main] utilities.SalesforceAppListnerUtility SalesforceAppListnerUtility.java73 - Default test has started....................
20240220 21:48:54 INFO  [main] Base.BaseTest BaseTest.java42 - .........BeforeMethod setUpBeforeMethod executed---------------
20240220 21:48:56 INFO  [main] utilities.SalesforceAppListnerUtility SalesforceAppListnerUtility.java24 - Login_2.......test execution started........
20240220 21:48:57 INFO  [main] Automationtests.AutomationScripts AutomationScripts.java75 - ******Login_to_Salesforce automation script started***********
20240220 21:48:57 INFO  [main] Base.BaseTest BaseTest.java168 - Usernameis visible
20240220 21:48:57 INFO  [main] Base.BaseTest BaseTest.java168 - Passwordis visible
20240220 21:49:02 INFO  [main] Base.BaseTest BaseTest.java168 - hometitleis visible
20240220 21:49:02 INFO  [main] Automationtests.AutomationScripts AutomationScripts.java108 - Home page Title: Home
20240220 21:49:02 ERROR [main] utilities.SalesforceAppListnerUtility SalesforceAppListnerUtility.java38 - Login_2.......test execution completed with failure........
20240220 21:49:02 INFO  [main] Base.BaseTest BaseTest.java52 - ******tearDownAfterTestMethod executed***********
20240220 21:49:02 INFO  [main] utilities.SalesforceAppListnerUtility SalesforceAppListnerUtility.java81 - Default test has ended....................
20240220 21:53:17 INFO  [main] utilities.SalesforceAppListnerUtility SalesforceAppListnerUtility.java73 - Default test has started....................
20240220 21:53:17 INFO  [main] Base.BaseTest BaseTest.java42 - .........BeforeMethod setUpBeforeMethod executed---------------
20240220 21:53:20 INFO  [main] utilities.SalesforceAppListnerUtility SalesforceAppListnerUtility.java24 - Login_2.......test execution started........
20240220 21:53:20 INFO  [main] Automationtests.AutomationScripts AutomationScripts.java75 - ******Login_to_Salesforce automation script started***********
20240220 21:53:20 INFO  [main] Base.BaseTest BaseTest.java168 - Usernameis visible
20240220 21:53:21 INFO  [main] Base.BaseTest BaseTest.java168 - Passwordis visible
20240220 21:53:23 INFO  [main] Base.BaseTest BaseTest.java168 - hometitleis visible
20240220 21:53:23 INFO  [main] Automationtests.AutomationScripts AutomationScripts.java108 - Home page Title: Home Page ~ Salesforce - Developer Edition
20240220 21:53:23 INFO  [main] Automationtests.AutomationScripts AutomationScripts.java110 - -------- Test Case 2 Execution ENDS ----------
20240220 21:53:23 INFO  [main] utilities.SalesforceAppListnerUtility SalesforceAppListnerUtility.java31 - Login_2.......test execution completed with success........
20240220 21:53:24 INFO  [main] Base.BaseTest BaseTest.java52 - ******tearDownAfterTestMethod executed***********
20240220 21:53:24 INFO  [main] utilities.SalesforceAppListnerUtility SalesforceAppListnerUtility.java81 - Default test has ended....................
20240220 22:25:05 INFO  [main] utilities.SalesforceAppListnerUtility SalesforceAppListnerUtility.java73 - Default test has started....................
20240220 22:25:05 INFO  [main] Base.BaseTest BaseTest.java42 - .........BeforeMethod setUpBeforeMethod executed---------------
20240220 22:25:08 INFO  [main] utilities.SalesforceAppListnerUtility SalesforceAppListnerUtility.java24 - Login_3.......test execution started........
20240220 22:25:08 INFO  [main] Automationtests.AutomationScripts AutomationScripts.java118 - ******Login_to_Salesforce automation script started***********
20240220 22:25:08 INFO  [main] Base.BaseTest BaseTest.java168 - Usernameis visible
20240220 22:25:08 INFO  [main] Base.BaseTest BaseTest.java168 - Passwordis visible
20240220 22:25:12 INFO  [main] Base.BaseTest BaseTest.java168 - hometitleis visible
20240220 22:25:12 INFO  [main] Automationtests.AutomationScripts AutomationScripts.java145 - Home page Title: Home Page ~ Salesforce - Developer Edition
20240220 22:25:12 INFO  [main] Base.BaseTest BaseTest.java168 - usermenuis visible
20240220 22:25:13 ERROR [main] utilities.SalesforceAppListnerUtility SalesforceAppListnerUtility.java38 - Login_3.......test execution completed with failure........
20240220 22:25:13 INFO  [main] Base.BaseTest BaseTest.java52 - ******tearDownAfterTestMethod executed***********
20240220 22:25:13 INFO  [main] utilities.SalesforceAppListnerUtility SalesforceAppListnerUtility.java81 - Default test has ended....................
20240220 22:28:55 INFO  [main] utilities.SalesforceAppListnerUtility SalesforceAppListnerUtility.java73 - Default test has started....................
20240220 22:28:55 INFO  [main] Base.BaseTest BaseTest.java42 - .........BeforeMethod setUpBeforeMethod executed---------------
20240220 22:28:57 INFO  [main] utilities.SalesforceAppListnerUtility SalesforceAppListnerUtility.java24 - Login_3.......test execution started........
20240220 22:28:57 INFO  [main] Automationtests.AutomationScripts AutomationScripts.java109 - ******Login_to_Salesforce automation script started***********
20240220 22:28:57 INFO  [main] Base.BaseTest BaseTest.java168 - Usernameis visible
20240220 22:28:58 INFO  [main] Base.BaseTest BaseTest.java168 - Passwordis visible
20240220 22:29:00 INFO  [main] Base.BaseTest BaseTest.java168 - hometitleis visible
20240220 22:29:00 INFO  [main] Automationtests.AutomationScripts AutomationScripts.java136 - Home page Title: Home Page ~ Salesforce - Developer Edition
20240220 22:29:00 INFO  [main] Base.BaseTest BaseTest.java168 - usermenuis visible
20240220 22:29:01 INFO  [main] Base.BaseTest BaseTest.java168 - usermenu logoutis visible
20240220 22:29:01 ERROR [main] utilities.SalesforceAppListnerUtility SalesforceAppListnerUtility.java38 - Login_3.......test execution completed with failure........
20240220 22:29:01 INFO  [main] Base.BaseTest BaseTest.java52 - ******tearDownAfterTestMethod executed***********
20240220 22:29:01 INFO  [main] utilities.SalesforceAppListnerUtility SalesforceAppListnerUtility.java81 - Default test has ended....................
20240220 22:35:41 INFO  [main] utilities.SalesforceAppListnerUtility SalesforceAppListnerUtility.java73 - Default test has started....................
20240220 22:35:42 INFO  [main] Base.BaseTest BaseTest.java42 - .........BeforeMethod setUpBeforeMethod executed---------------
20240220 22:35:44 INFO  [main] utilities.SalesforceAppListnerUtility SalesforceAppListnerUtility.java24 - Login_3.......test execution started........
20240220 22:35:44 INFO  [main] Automationtests.AutomationScripts AutomationScripts.java109 - ******Login_to_Salesforce automation script started***********
20240220 22:35:44 INFO  [main] Base.BaseTest BaseTest.java168 - Usernameis visible
20240220 22:35:45 INFO  [main] Base.BaseTest BaseTest.java168 - Passwordis visible
20240220 22:35:48 INFO  [main] Base.BaseTest BaseTest.java168 - hometitleis visible
20240220 22:35:48 INFO  [main] Automationtests.AutomationScripts AutomationScripts.java136 - Home page Title: Home Page ~ Salesforce - Developer Edition
20240220 22:35:48 INFO  [main] Base.BaseTest BaseTest.java168 - usermenuis visible
20240220 22:35:48 INFO  [main] Base.BaseTest BaseTest.java168 - usermenu logoutis visible
20240220 22:35:51 INFO  [main] Base.BaseTest BaseTest.java168 - loginpgis visible
20240220 22:35:51 ERROR [main] utilities.SalesforceAppListnerUtility SalesforceAppListnerUtility.java38 - Login_3.......test execution completed with failure........
20240220 22:35:51 INFO  [main] Base.BaseTest BaseTest.java52 - ******tearDownAfterTestMethod executed***********
20240220 22:35:51 INFO  [main] utilities.SalesforceAppListnerUtility SalesforceAppListnerUtility.java81 - Default test has ended....................
20240220 22:38:21 INFO  [main] utilities.SalesforceAppListnerUtility SalesforceAppListnerUtility.java73 - Default test has started....................
20240220 22:38:22 INFO  [main] Base.BaseTest BaseTest.java42 - .........BeforeMethod setUpBeforeMethod executed---------------
20240220 22:38:24 INFO  [main] utilities.SalesforceAppListnerUtility SalesforceAppListnerUtility.java24 - Login_3.......test execution started........
20240220 22:38:24 INFO  [main] Automationtests.AutomationScripts AutomationScripts.java109 - ******Login_to_Salesforce automation script started***********
20240220 22:38:24 INFO  [main] Base.BaseTest BaseTest.java168 - Usernameis visible
20240220 22:38:25 INFO  [main] Base.BaseTest BaseTest.java168 - Passwordis visible
20240220 22:38:27 INFO  [main] Base.BaseTest BaseTest.java168 - hometitleis visible
20240220 22:38:27 INFO  [main] Automationtests.AutomationScripts AutomationScripts.java136 - Home page Title: Home Page ~ Salesforce - Developer Edition
20240220 22:38:27 INFO  [main] Base.BaseTest BaseTest.java168 - usermenuis visible
20240220 22:38:28 INFO  [main] Base.BaseTest BaseTest.java168 - usermenu logoutis visible
20240220 22:38:30 INFO  [main] Base.BaseTest BaseTest.java168 - loginpgis visible
20240220 22:38:30 INFO  [main] Automationtests.AutomationScripts AutomationScripts.java158 - Username is displayedrev@att.com
20240220 22:38:30 INFO  [main] Automationtests.AutomationScripts AutomationScripts.java164 - Remember me is selected
20240220 22:38:30 INFO  [main] Automationtests.AutomationScripts AutomationScripts.java166 - -------- Test Case 3 Execution ENDS ----------
20240220 22:38:30 INFO  [main] utilities.SalesforceAppListnerUtility SalesforceAppListnerUtility.java31 - Login_3.......test execution completed with success........
20240220 22:38:30 INFO  [main] Base.BaseTest BaseTest.java52 - ******tearDownAfterTestMethod executed***********
20240220 22:38:31 INFO  [main] utilities.SalesforceAppListnerUtility SalesforceAppListnerUtility.java81 - Default test has ended....................
20240220 22:48:24 INFO  [main] utilities.SalesforceAppListnerUtility SalesforceAppListnerUtility.java73 - Default test has started....................
20240220 22:48:24 INFO  [main] Base.BaseTest BaseTest.java42 - .........BeforeMethod setUpBeforeMethod executed---------------
20240220 22:48:27 INFO  [main] utilities.SalesforceAppListnerUtility SalesforceAppListnerUtility.java24 - Login_4a.......test execution started........
20240220 22:48:27 INFO  [main] Automationtests.AutomationScripts AutomationScripts.java183 - ******Login_to_Salesforce automation script started***********
20240220 22:48:27 INFO  [main] Base.BaseTest BaseTest.java168 - Username is visible
20240220 22:48:28 INFO  [main] Automationtests.AutomationScripts AutomationScripts.java215 - Error Message :We’ve sent you an email with a link to finish resetting your password.
20240220 22:48:28 INFO  [main] Automationtests.AutomationScripts AutomationScripts.java218 - -------- Test Case 4A Execution ENDS ----------
20240220 22:48:28 INFO  [main] utilities.SalesforceAppListnerUtility SalesforceAppListnerUtility.java31 - Login_4a.......test execution completed with success........
20240220 22:48:28 INFO  [main] Base.BaseTest BaseTest.java52 - ******tearDownAfterTestMethod executed***********
20240220 22:48:28 INFO  [main] utilities.SalesforceAppListnerUtility SalesforceAppListnerUtility.java81 - Default test has ended....................
20240220 22:53:32 INFO  [main] utilities.SalesforceAppListnerUtility SalesforceAppListnerUtility.java73 - Default test has started....................
20240220 22:53:32 INFO  [main] Base.BaseTest BaseTest.java42 - .........BeforeMethod setUpBeforeMethod executed---------------
20240220 22:53:34 INFO  [main] utilities.SalesforceAppListnerUtility SalesforceAppListnerUtility.java24 - Login_4b.......test execution started........
20240220 22:53:34 INFO  [main] Automationtests.AutomationScripts AutomationScripts.java222 - ******Login_to_Salesforce automation script started***********
20240220 22:53:34 INFO  [main] Base.BaseTest BaseTest.java168 - usernameis visible
20240220 22:53:34 INFO  [main] Base.BaseTest BaseTest.java168 - Usernameis visible
20240220 22:53:35 INFO  [main] Base.BaseTest BaseTest.java168 - Passwordis visible
20240220 22:53:35 INFO  [main] Automationtests.AutomationScripts AutomationScripts.java244 - Error message: Please check your username and password. If you still can't log in, contact your Salesforce administrator.
20240220 22:53:35 INFO  [main] Automationtests.AutomationScripts AutomationScripts.java248 - -------- Test Case 4b Execution ENDS ----------
20240220 22:53:35 INFO  [main] utilities.SalesforceAppListnerUtility SalesforceAppListnerUtility.java31 - Login_4b.......test execution completed with success........
20240220 22:53:35 INFO  [main] Base.BaseTest BaseTest.java52 - ******tearDownAfterTestMethod executed***********
20240220 22:53:36 INFO  [main] utilities.SalesforceAppListnerUtility SalesforceAppListnerUtility.java81 - Default test has ended....................
